0 info it worked if it ends with ok
1 verbose cli [ 'c:\\Program Files\\nodejs\\node.exe',
1 verbose cli   'c:\\Users\\amlweb\\AppData\\Roaming\\npm\\node_modules\\npm\\bin\\npm-cli.js',
1 verbose cli   'install',
1 verbose cli   '-g',
1 verbose cli   'n' ]
2 info using npm@2.1.12
3 info using node@v0.10.26
4 silly cache add args [ 'n', null ]
5 verbose cache add spec n
6 silly cache add parsed spec { raw: 'n',
6 silly cache add   scope: null,
6 silly cache add   name: 'n',
6 silly cache add   rawSpec: '',
6 silly cache add   spec: '*',
6 silly cache add   type: 'range' }
7 verbose addNamed n@*
8 silly addNamed semver.valid null
9 silly addNamed semver.validRange *
10 silly addNameRange { name: 'n', range: '*', hasData: false }
11 silly mapToRegistry name n
12 silly mapToRegistry using default registry
13 silly mapToRegistry registry https://registry.npmjs.org/
14 silly mapToRegistry uri https://registry.npmjs.org/n
15 verbose addNameRange registry:https://registry.npmjs.org/n not in flight; fetching
16 verbose request uri https://registry.npmjs.org/n
17 verbose request no auth needed
18 info attempt registry request try #1 at 14:24:10
19 verbose request id 795e8a1fbe936206
20 http request GET https://registry.npmjs.org/n
21 http 200 https://registry.npmjs.org/n
22 silly get cb [ 200,
22 silly get   { server: 'CouchDB/1.6.1 (Erlang OTP/R16B03)',
22 silly get     etag: '"5MN4K2YNJZRIZ89R20OO1H4FU"',
22 silly get     'content-type': 'application/json',
22 silly get     'content-encoding': 'gzip',
22 silly get     'cache-control': 'max-age=300',
22 silly get     'content-length': '11991',
22 silly get     'accept-ranges': 'bytes',
22 silly get     date: 'Tue, 09 Aug 2016 12:23:56 GMT',
22 silly get     via: '1.1 varnish',
22 silly get     age: '1',
22 silly get     connection: 'keep-alive',
22 silly get     'x-served-by': 'cache-fra1232-FRA',
22 silly get     'x-cache': 'HIT',
22 silly get     'x-cache-hits': '1',
22 silly get     'x-timer': 'S1470745436.751228,VS0,VE0',
22 silly get     vary: 'Accept-Encoding' } ]
23 verbose getCacheStat cache creation not in flight; initializing
24 verbose stack TypeError: uid must be an unsigned int
24 verbose stack     at Object.fs.chown (fs.js:853:11)
24 verbose stack     at c:\Users\amlweb\AppData\Roaming\npm\node_modules\npm\node_modules\chownr\chownr.js:12:43
24 verbose stack     at Object.oncomplete (fs.js:107:15)
25 verbose cwd d:\_web\school
26 error Windows_NT 6.2.9200
27 error argv "c:\\Program Files\\nodejs\\node.exe" "c:\\Users\\amlweb\\AppData\\Roaming\\npm\\node_modules\\npm\\bin\\npm-cli.js" "install" "-g" "n"
28 error node v0.10.26
29 error npm  v2.1.12
30 error uid must be an unsigned int
31 error If you need help, you may report this error at:
31 error     <http://github.com/npm/npm/issues>
32 verbose exit [ 1, true ]
